#
# There is insufficient memory for the Java Runtime Environment to continue.
# Native memory allocation (mmap) failed to map 268435456 bytes. Error detail: G1 virtual space
# Possible reasons:
#   The system is out of physical RAM or swap space
#   This process is running with CompressedOops enabled, and the Java Heap may be blocking the growth of the native heap
# Possible solutions:
#   Reduce memory load on the system
#   Increase physical memory or swap space
#   Check if swap backing store is full
#   Decrease Java heap size (-Xmx/-Xms)
#   Decrease number of Java threads
#   Decrease Java thread stack sizes (-Xss)
#   Set larger code cache with -XX:ReservedCodeCacheSize=
#   JVM is running with Zero Based Compressed Oops mode in which the Java heap is
#     placed in the first 32GB address space. The Java Heap base address is the
#     maximum limit for the native heap growth. Please use -XX:HeapBaseMinAddress
#     to set the Java Heap base and to place the Java Heap above 32GB virtual address.
# This output file may be truncated or incomplete.
#
#  Out of Memory Error (os_windows.cpp:3703), pid=12704, tid=30344
#
# JRE version:  (23.0.1+11) (build )
# Java VM: OpenJDK 64-Bit Server VM (23.0.1+11, mixed mode, sharing, tiered, compressed oops, compressed class ptrs, g1 gc, windows-amd64)
# No core dump will be written. Minidumps are not enabled by default on client versions of Windows
#

---------------  S U M M A R Y ------------

Command Line: -Dfile.encoding=UTF-8 -Dstdout.encoding=UTF-8 -Dstderr.encoding=UTF-8 -XX:+ShowCodeDetailsInExceptionMessages main.Main

Host: Intel(R) Core(TM) i7-4770HQ CPU @ 2.20GHz, 8 cores, 15G,  Windows 10 , 64 bit Build 19041 (10.0.19041.5438)
Time: Wed May  7 15:33:03 2025 Romance Summer Time elapsed time: 0.019465 seconds (0d 0h 0m 0s)

---------------  T H R E A D  ---------------

Current thread (0x0000018aa51e2c90):  JavaThread "Unknown thread" [_thread_in_vm, id=30344, stack(0x0000005c68100000,0x0000005c68200000) (1024K)]

Stack: [0x0000005c68100000,0x0000005c68200000]
Native frames: (J=compiled Java code, j=interpreted, Vv=VM code, C=native code)
V  [jvm.dll+0x6e8c79]  (no source info available)
V  [jvm.dll+0x8d9253]  (no source info available)
V  [jvm.dll+0x8db6de]  (no source info available)
V  [jvm.dll+0x8dbdb3]  (no source info available)
V  [jvm.dll+0x281aa6]  (no source info available)
V  [jvm.dll+0x6e5575]  (no source info available)
V  [jvm.dll+0x6d958a]  (no source info available)
V  [jvm.dll+0x3625fa]  (no source info available)
V  [jvm.dll+0x36aa26]  (no source info available)
V  [jvm.dll+0x356fce]  (no source info available)
V  [jvm.dll+0x357268]  (no source info available)
V  [jvm.dll+0x32fbfc]  (no source info available)
V  [jvm.dll+0x33089e]  (no source info available)
V  [jvm.dll+0x89f955]  (no source info available)
V  [jvm.dll+0x3bfe88]  (no source info available)
V  [jvm.dll+0x88849c]  (no source info available)
V  [jvm.dll+0x45a16e]  (no source info available)
V  [jvm.dll+0x45bf81]  (no source info available)
C  [jli.dll+0x5278]  (no source info available)
C  [ucrtbase.dll+0x21bb2]  (no source info available)
C  [KERNEL32.DLL+0x17374]  (no source info available)
C  [ntdll.dll+0x4cc91]  (no source info available)

Lock stack of current Java thread (top to bottom):


---------------  P R O C E S S  ---------------

Threads class SMR info:
_java_thread_list=0x00007fff6f368ad8, length=0, elements={
}

Java Threads: ( => current thread )
Total: 0

Other Threads:
  0x0000018aa7566010 WorkerThread "GC Thread#0"                     [id=29088, stack(0x0000005c68200000,0x0000005c68300000) (1024K)]
  0x0000018aa75ba010 ConcurrentGCThread "G1 Main Marker"            [id=17208, stack(0x0000005c68300000,0x0000005c68400000) (1024K)]
  0x0000018aa75baa30 WorkerThread "G1 Conc#0"                       [id=8524, stack(0x0000005c68400000,0x0000005c68500000) (1024K)]

[error occurred during error reporting (printing all threads), id 0xc0000005, EXCEPTION_ACCESS_VIOLATION (0xc0000005) at pc=0x00007fff6ea4326a]
VM state: not at safepoint (not fully initialized)

VM Mutex/Monitor currently owned by a thread:  ([mutex/lock_event])
[0x00007fff6f3ebe70] Heap_lock - owner thread: 0x0000018aa51e2c90

Heap address: 0x0000000701e00000, size: 4066 MB, Compressed Oops mode: Zero based, Oop shift amount: 3

CDS archive(s) mapped at: [0x0000000000000000-0x0000000000000000-0x0000000000000000), size 0, SharedBaseAddress: 0x0000000800000000, ArchiveRelocationMode: 1.
Narrow klass base: 0x0000000000000000, Narrow klass shift: 0, Narrow klass range: 0x0

GC Precious Log:
 CardTable entry size: 512
 Card Set container configuration: InlinePtr #cards 4 size 8 Array Of Cards #cards 16 size 48 Howl #buckets 8 coarsen threshold 3686 Howl Bitmap #cards 512 size 80 coarsen threshold 460 Card regions per heap region 1 cards per card region 4096

Heap:
 garbage-first heap   total reserved 4163584K, committed 0K, used 0K [0x0000000701e00000, 0x0000000800000000)
  region size 2048K, 0 young (0K), 0 survivors (0K)

[error occurred during error reporting (printing heap information), id 0xc0000005, EXCEPTION_ACCESS_VIOLATION (0xc0000005) at pc=0x00007fff6ee451f9]
GC Heap History (0 events):
No events

Dll operation events (1 events):
Event: 0.012 Loaded shared library C:\Users\Saas\.p2\pool\plugins\org.eclipse.justj.openjdk.hotspot.jre.full.win32.x86_64_23.0.1.v20241024-1700\jre\bin\java.dll

Deoptimization events (0 events):
No events

Classes loaded (0 events):
No events

Classes unloaded (0 events):
No events

Classes redefined (0 events):
No events

Internal exceptions (0 events):
No events

VM Operations (0 events):
No events

Memory protections (0 events):
No events

Nmethod flushes (0 events):
No events

Events (0 events):
No events


Dynamic libraries:
0x00007ff72f080000 - 0x00007ff72f08e000 	C:\Users\Saas\.p2\pool\plugins\org.eclipse.justj.openjdk.hotspot.jre.full.win32.x86_64_23.0.1.v20241024-1700\jre\bin\javaw.exe
0x00007fffdb870000 - 0x00007fffdba68000 	C:\WINDOWS\SYSTEM32\ntdll.dll
0x00007fffda310000 - 0x00007fffda3d2000 	C:\WINDOWS\System32\KERNEL32.DLL
0x00007fffd8f10000 - 0x00007fffd920f000 	C:\WINDOWS\System32\KERNELBASE.dll
0x00007fffd9390000 - 0x00007fffd9490000 	C:\WINDOWS\System32\ucrtbase.dll
0x00007fffcfd50000 - 0x00007fffcfd67000 	C:\Users\Saas\.p2\pool\plugins\org.eclipse.justj.openjdk.hotspot.jre.full.win32.x86_64_23.0.1.v20241024-1700\jre\bin\jli.dll
0x00007fffceaa0000 - 0x00007fffceabe000 	C:\Users\Saas\.p2\pool\plugins\org.eclipse.justj.openjdk.hotspot.jre.full.win32.x86_64_23.0.1.v20241024-1700\jre\bin\VCRUNTIME140.dll
0x00007fffdb2d0000 - 0x00007fffdb46d000 	C:\WINDOWS\System32\USER32.dll
0x00007fffd9210000 - 0x00007fffd9232000 	C:\WINDOWS\System32\win32u.dll
0x00007fffda6b0000 - 0x00007fffda6db000 	C:\WINDOWS\System32\GDI32.dll
0x00007fffc6140000 - 0x00007fffc63da000 	C:\WINDOWS\WinSxS\amd64_microsoft.windows.common-controls_6595b64144ccf1df_6.0.19041.4355_none_60b8b9eb71f62e16\COMCTL32.dll
0x00007fffd9490000 - 0x00007fffd95aa000 	C:\WINDOWS\System32\gdi32full.dll
0x00007fffda4d0000 - 0x00007fffda56e000 	C:\WINDOWS\System32\msvcrt.dll
0x00007fffd95b0000 - 0x00007fffd964d000 	C:\WINDOWS\System32\msvcp_win.dll
0x00007fffda680000 - 0x00007fffda6af000 	C:\WINDOWS\System32\IMM32.DLL
0x00007fffd3770000 - 0x00007fffd377c000 	C:\Users\Saas\.p2\pool\plugins\org.eclipse.justj.openjdk.hotspot.jre.full.win32.x86_64_23.0.1.v20241024-1700\jre\bin\vcruntime140_1.dll
0x00007fffbe880000 - 0x00007fffbe90d000 	C:\Users\Saas\.p2\pool\plugins\org.eclipse.justj.openjdk.hotspot.jre.full.win32.x86_64_23.0.1.v20241024-1700\jre\bin\msvcp140.dll
0x00007fff6e700000 - 0x00007fff6f4cd000 	C:\Users\Saas\.p2\pool\plugins\org.eclipse.justj.openjdk.hotspot.jre.full.win32.x86_64_23.0.1.v20241024-1700\jre\bin\server\jvm.dll
0x00007fffda190000 - 0x00007fffda23f000 	C:\WINDOWS\System32\ADVAPI32.dll
0x00007fffdaca0000 - 0x00007fffdad3f000 	C:\WINDOWS\System32\sechost.dll
0x00007fffda6e0000 - 0x00007fffda803000 	C:\WINDOWS\System32\RPCRT4.dll
0x00007fffd9650000 - 0x00007fffd9677000 	C:\WINDOWS\System32\bcrypt.dll
0x00007fffd98f0000 - 0x00007fffd995b000 	C:\WINDOWS\System32\WS2_32.dll
0x00007fffd8d70000 - 0x00007fffd8dbb000 	C:\WINDOWS\SYSTEM32\POWRPROF.dll
0x00007fffc7830000 - 0x00007fffc7857000 	C:\WINDOWS\SYSTEM32\WINMM.dll
0x00007fffca770000 - 0x00007fffca77a000 	C:\WINDOWS\SYSTEM32\VERSION.dll
0x00007fffd8ca0000 - 0x00007fffd8cb2000 	C:\WINDOWS\SYSTEM32\UMPDC.dll
0x00007fffd7730000 - 0x00007fffd7742000 	C:\WINDOWS\SYSTEM32\kernel.appcore.dll
0x00007fffd4e90000 - 0x00007fffd4e9a000 	C:\Users\Saas\.p2\pool\plugins\org.eclipse.justj.openjdk.hotspot.jre.full.win32.x86_64_23.0.1.v20241024-1700\jre\bin\jimage.dll
0x00007fffd05d0000 - 0x00007fffd07b4000 	C:\WINDOWS\SYSTEM32\DBGHELP.DLL
0x00007fffd03c0000 - 0x00007fffd03f4000 	C:\WINDOWS\SYSTEM32\dbgcore.DLL
0x00007fffd9300000 - 0x00007fffd9382000 	C:\WINDOWS\System32\bcryptPrimitives.dll
0x00007fffd3670000 - 0x00007fffd368e000 	C:\Users\Saas\.p2\pool\plugins\org.eclipse.justj.openjdk.hotspot.jre.full.win32.x86_64_23.0.1.v20241024-1700\jre\bin\java.dll
0x00007fffdab70000 - 0x00007fffdac9b000 	C:\WINDOWS\System32\ole32.dll
0x00007fffdb4d0000 - 0x00007fffdb825000 	C:\WINDOWS\System32\combase.dll
0x00007fffd9a20000 - 0x00007fffda18d000 	C:\WINDOWS\System32\SHELL32.dll

dbghelp: loaded successfully - version: 4.0.5 - missing functions: none
symbol engine: initialized successfully - sym options: 0x614 - pdb path: .;C:\Users\Saas\.p2\pool\plugins\org.eclipse.justj.openjdk.hotspot.jre.full.win32.x86_64_23.0.1.v20241024-1700\jre\bin;C:\WINDOWS\SYSTEM32;C:\WINDOWS\WinSxS\amd64_microsoft.windows.common-controls_6595b64144ccf1df_6.0.19041.4355_none_60b8b9eb71f62e16;C:\Users\Saas\.p2\pool\plugins\org.eclipse.justj.openjdk.hotspot.jre.full.win32.x86_64_23.0.1.v20241024-1700\jre\bin\server

VM Arguments:
jvm_args: -Dfile.encoding=UTF-8 -Dstdout.encoding=UTF-8 -Dstderr.encoding=UTF-8 -XX:+ShowCodeDetailsInExceptionMessages 
java_command: main.Main
java_class_path (initial): C:\Users\Saas\eclipse-workspace\Punchy\Punchy\bin;C:\Users\Saas\.p2\pool\plugins\junit-jupiter-api_5.11.0.jar;C:\Users\Saas\.p2\pool\plugins\junit-jupiter-engine_5.11.0.jar;C:\Users\Saas\.p2\pool\plugins\junit-jupiter-migrationsupport_5.11.0.jar;C:\Users\Saas\.p2\pool\plugins\junit-jupiter-params_5.11.0.jar;C:\Users\Saas\.p2\pool\plugins\junit-platform-commons_1.11.0.jar;C:\Users\Saas\.p2\pool\plugins\junit-platform-engine_1.11.0.jar;C:\Users\Saas\.p2\pool\plugins\junit-platform-launcher_1.11.0.jar;C:\Users\Saas\.p2\pool\plugins\junit-platform-runner_1.11.0.jar;C:\Users\Saas\.p2\pool\plugins\junit-platform-suite-api_1.11.0.jar;C:\Users\Saas\.p2\pool\plugins\junit-platform-suite-engine_1.11.0.jar;C:\Users\Saas\.p2\pool\plugins\junit-platform-suite-commons_1.11.0.jar;C:\Users\Saas\.p2\pool\plugins\junit-vintage-engine_5.11.0.jar;C:\Users\Saas\.p2\pool\plugins\org.opentest4j_1.3.0.jar;C:\Users\Saas\.p2\pool\plugins\org.apiguardian.api_1.1.2.jar;C:\Users\Saas\.p2\pool\plugins\org.junit_4.13.2.v20230809-1000.jar;C:\Users\Saas\.p2\pool\plugins\org.hamcrest_3.0.0.jar;C:\Users\Saas\.p2\pool\plugins\org.hamcrest.core_2.2.0.v20230809-1000.jar;C:\Users\Saas\Downloads\mssql-jdbc-12.8.1.jre11.jar;C:\Users\Saas\Downloads\flatlaf-3.5.4.jar
Launcher Type: SUN_STANDARD

[Global flags]
     intx CICompilerCount                          = 4                                         {product} {ergonomic}
     uint ConcGCThreads                            = 2                                         {product} {ergonomic}
     uint G1ConcRefinementThreads                  = 8                                         {product} {ergonomic}
   size_t G1HeapRegionSize                         = 2097152                                   {product} {ergonomic}
   size_t InitialHeapSize                          = 268435456                                 {product} {ergonomic}
   size_t MarkStackSize                            = 4194304                                   {product} {ergonomic}
   size_t MarkStackSizeMax                         = 536870912                                 {product} {ergonomic}
   size_t MaxHeapSize                              = 4263510016                                {product} {ergonomic}
   size_t MinHeapDeltaBytes                        = 2097152                                   {product} {ergonomic}
   size_t MinHeapSize                              = 8388608                                   {product} {ergonomic}
    uintx NonNMethodCodeHeapSize                   = 5832704                                {pd product} {ergonomic}
    uintx NonProfiledCodeHeapSize                  = 122945536                              {pd product} {ergonomic}
    uintx ProfiledCodeHeapSize                     = 122880000                              {pd product} {ergonomic}
    uintx ReservedCodeCacheSize                    = 251658240                              {pd product} {ergonomic}
     bool SegmentedCodeCache                       = true                                      {product} {ergonomic}
     bool ShowCodeDetailsInExceptionMessages       = true                                   {manageable} {command line}
   size_t SoftMaxHeapSize                          = 4263510016                             {manageable} {ergonomic}
     bool UseCompressedOops                        = true                           {product lp64_product} {ergonomic}
     bool UseG1GC                                  = true                                      {product} {ergonomic}
     bool UseLargePagesIndividualAllocation        = false                                  {pd product} {ergonomic}

Logging:
Log output configuration:
 #0: stdout all=warning uptime,level,tags foldmultilines=false
 #1: stderr all=off uptime,level,tags foldmultilines=false

Environment Variables:
PATH=C:/Users/Saas/.p2/pool/plugins/org.eclipse.justj.openjdk.hotspot.jre.full.win32.x86_64_23.0.1.v20241024-1700/jre/bin/server;C:/Users/Saas/.p2/pool/plugins/org.eclipse.justj.openjdk.hotspot.jre.full.win32.x86_64_23.0.1.v20241024-1700/jre/bin;C:\Program Files\Common Files\Oracle\Java\javapath;C:\Program Files\Eclipse Adoptium\jdk-21.0.4.7-hotspot\bin;C:\WINDOWS\system32;C:\WINDOWS;C:\WINDOWS\System32\Wbem;C:\WINDOWS\System32\WindowsPowerShell\v1.0\;C:\WINDOWS\System32\OpenSSH\;C:\Program Files\dotnet\;C:\Program Files (x86)\Windows Kits\10\Windows Performance Toolkit\;C:\Program Files\Git\cmd;C:\Program Files (x86)\Microsoft SQL Server\160\Tools\Binn\;C:\Program Files\Microsoft SQL Server\160\Tools\Binn\;C:\Program Files\Microsoft SQL Server\Client SDK\ODBC\170\Tools\Binn\;C:\Program Files\Microsoft SQL Server\160\DTS\Binn\;C:\Program Files (x86)\Microsoft SQL Server\160\DTS\Binn\;C:\Program Files\nodejs\;C:\Users\Saas\AppData\Local\Microsoft\WindowsApps;C:\Users\Saas\.dotnet\tools;C:\Users\Saas\AppData\Local\Programs\Microsoft VS Code\bin;C:\Users\Saas\AppData\Local\GitHubDesktop\bin;C:\Users\Saas\AppData\Roaming\npm;C:\WINDOWS\system32;
USERNAME=Saas
OS=Windows_NT
PROCESSOR_IDENTIFIER=Intel64 Family 6 Model 70 Stepping 1, GenuineIntel
TMP=C:\Users\Saas\AppData\Local\Temp
TEMP=C:\Users\Saas\AppData\Local\Temp




Periodic native trim disabled

---------------  S Y S T E M  ---------------

OS:
 Windows 10 , 64 bit Build 19041 (10.0.19041.5438)
OS uptime: 12 days 6:12 hours

CPU: total 8 (initial active 8) (4 cores per cpu, 2 threads per core) family 6 model 70 stepping 1 microcode 0x1b, cx8, cmov, fxsr, ht, mmx, sse, sse2, sse3, ssse3, sse4.1, sse4.2, popcnt, lzcnt, tsc, tscinvbit, avx, avx2, aes, erms, clmul, bmi1, bmi2, fma, vzeroupper, clflush, rdtscp, f16c
Processor Information for the first 8 processors :
  Max Mhz: 2201, Current Mhz: 2200, Mhz Limit: 2201

Memory: 4k page, system-wide physical 16260M (2753M free)
TotalPageFile size 39372M (AvailPageFile size 49M)
current process WorkingSet (physical memory assigned to process): 11M, peak: 11M
current process commit charge ("private bytes"): 60M, peak: 316M

vm_info: OpenJDK 64-Bit Server VM (23.0.1+11) for windows-amd64 JRE (23.0.1+11), built on 2024-10-15T00:00:00Z with MS VC++ 17.7 (VS2022)

END.
